<?xml version="1.0" encoding="UTF-8"?>
<testng-results ignored="0" total="3" passed="3" failed="0" skipped="0">
  <reporter-output>
  </reporter-output>
  <suite started-at="2026-05-05T17:45:35 IST" name="Default suite" finished-at="2026-05-05T17:45:44 IST" duration-ms="8743">
    <groups>
    </groups>
    <test started-at="2026-05-05T17:45:35 IST" name="Default test" finished-at="2026-05-05T17:45:44 IST" duration-ms="8743">
      <class name="test.LoginTest">
        <test-method is-config="true" signature="setup()[pri:0, instance:test.LoginTest@6c64cb25]" started-at="2026-05-05T17:45:35 IST" name="setup" finished-at="2026-05-05T17:45:36 IST" duration-ms="1256" status="PASS">
          <reporter-output>
          </reporter-output>
        </test-method> <!-- setup -->
        <test-method signature="login_with_empty_password()[pri:1, instance:test.LoginTest@6c64cb25]" started-at="2026-05-05T17:45:36 IST" name="login_with_empty_password" finished-at="2026-05-05T17:45:37 IST" duration-ms="865" status="PASS">
          <reporter-output>
          </reporter-output>
        </test-method> <!-- login_with_empty_password -->
        <test-method is-config="true" signature="quitbrowser()[pri:0, instance:test.LoginTest@6c64cb25]" started-at="2026-05-05T17:45:37 IST" name="quitbrowser" finished-at="2026-05-05T17:45:37 IST" duration-ms="0" status="PASS">
          <reporter-output>
          </reporter-output>
        </test-method> <!-- quitbrowser -->
        <test-method is-config="true" signature="setup()[pri:0, instance:test.LoginTest@6c64cb25]" started-at="2026-05-05T17:45:37 IST" name="setup" finished-at="2026-05-05T17:45:39 IST" duration-ms="1822" status="PASS">
          <reporter-output>
          </reporter-output>
        </test-method> <!-- setup -->
        <test-method signature="invalidtestlogin()[pri:2, instance:test.LoginTest@6c64cb25]" started-at="2026-05-05T17:45:39 IST" name="invalidtestlogin" finished-at="2026-05-05T17:45:40 IST" duration-ms="811" status="PASS">
          <reporter-output>
          </reporter-output>
        </test-method> <!-- invalidtestlogin -->
        <test-method is-config="true" signature="quitbrowser()[pri:0, instance:test.LoginTest@6c64cb25]" started-at="2026-05-05T17:45:40 IST" name="quitbrowser" finished-at="2026-05-05T17:45:40 IST" duration-ms="0" status="PASS">
          <reporter-output>
          </reporter-output>
        </test-method> <!-- quitbrowser -->
        <test-method is-config="true" signature="setup()[pri:0, instance:test.LoginTest@6c64cb25]" started-at="2026-05-05T17:45:40 IST" name="setup" finished-at="2026-05-05T17:45:42 IST" duration-ms="2778" status="PASS">
          <reporter-output>
          </reporter-output>
        </test-method> <!-- setup -->
        <test-method signature="testlogin()[pri:3, instance:test.LoginTest@6c64cb25]" started-at="2026-05-05T17:45:42 IST" name="testlogin" finished-at="2026-05-05T17:45:44 IST" duration-ms="1197" status="PASS">
          <reporter-output>
          </reporter-output>
        </test-method> <!-- testlogin -->
        <test-method is-config="true" signature="quitbrowser()[pri:0, instance:test.LoginTest@6c64cb25]" started-at="2026-05-05T17:45:44 IST" name="quitbrowser" finished-at="2026-05-05T17:45:44 IST" duration-ms="0" status="PASS">
          <reporter-output>
          </reporter-output>
        </test-method> <!-- quitbrowser -->
      </class> <!-- test.LoginTest -->
    </test> <!-- Default test -->
  </suite> <!-- Default suite -->
</testng-results>
