<?xml version="1.0" encoding="UTF-8"?>
<testng-results ignored="0" total="2" passed="2" failed="0" skipped="0">
  <reporter-output>
  </reporter-output>
  <suite started-at="2026-04-27T17:53:02 IST" name="Default suite" finished-at="2026-04-27T17:53:06 IST" duration-ms="4862">
    <groups>
    </groups>
    <test started-at="2026-04-27T17:53:02 IST" name="Default test" finished-at="2026-04-27T17:53:06 IST" duration-ms="4862">
      <class name="test.LoginTest">
        <test-method is-config="true" signature="setup()[pri:0, instance:test.LoginTest@4550bb58]" started-at="2026-04-27T17:53:02 IST" name="setup" finished-at="2026-04-27T17:53:03 IST" duration-ms="1505" status="PASS">
          <reporter-output>
          </reporter-output>
        </test-method> <!-- setup -->
        <test-method signature="invalidtestlogin()[pri:1, instance:test.LoginTest@4550bb58]" started-at="2026-04-27T17:53:03 IST" name="invalidtestlogin" finished-at="2026-04-27T17:53:04 IST" duration-ms="860" status="PASS">
          <reporter-output>
          </reporter-output>
        </test-method> <!-- invalidtestlogin -->
        <test-method is-config="true" signature="setup()[pri:0, instance:test.LoginTest@4550bb58]" started-at="2026-04-27T17:53:04 IST" name="setup" finished-at="2026-04-27T17:53:05 IST" duration-ms="1104" status="PASS">
          <reporter-output>
          </reporter-output>
        </test-method> <!-- setup -->
        <test-method is-config="true" signature="quitbrowser()[pri:0, instance:test.LoginTest@4550bb58]" started-at="2026-04-27T17:53:04 IST" name="quitbrowser" finished-at="2026-04-27T17:53:04 IST" duration-ms="0" status="PASS">
          <reporter-output>
          </reporter-output>
        </test-method> <!-- quitbrowser -->
        <test-method signature="testlogin()[pri:2, instance:test.LoginTest@4550bb58]" started-at="2026-04-27T17:53:05 IST" name="testlogin" finished-at="2026-04-27T17:53:06 IST" duration-ms="1380" status="PASS">
          <reporter-output>
          </reporter-output>
        </test-method> <!-- testlogin -->
        <test-method is-config="true" signature="quitbrowser()[pri:0, instance:test.LoginTest@4550bb58]" started-at="2026-04-27T17:53:06 IST" name="quitbrowser" finished-at="2026-04-27T17:53:06 IST" duration-ms="0" status="PASS">
          <reporter-output>
          </reporter-output>
        </test-method> <!-- quitbrowser -->
      </class> <!-- test.LoginTest -->
    </test> <!-- Default test -->
  </suite> <!-- Default suite -->
</testng-results>
