<?xml version="1.0" encoding="UTF-8"?>
<!-- Generated by org.testng.reporters.JUnitXMLReporter -->
<testsuite ignored="0" hostname="Krantis-MacBook-Pro.local" failures="1" tests="1" name="LoginTest" time="2.941" errors="0" timestamp="2026-04-25T07:02:32 IST">
  <testcase classname="test.LoginTest" name="testlogin" time="1.066">
    <failure type="java.lang.AssertionError" message="expected [Just a moment...] but found [nopCommerce demo store. Login]">
      <![CDATA[java.lang.AssertionError: expected [Just a moment...] but found [nopCommerce demo store. Login]
at test.LoginTest.testlogin(LoginTest.java:25)
at java.base/java.util.ArrayList.forEach(ArrayList.java:1596)
... Removed 31 stack frames]]>
    </failure>
  </testcase> <!-- testlogin -->
</testsuite> <!-- LoginTest -->
