<?xml version="1.0" encoding="UTF-8"?>
<!-- Generated by org.testng.reporters.JUnitXMLReporter -->
<testsuite ignored="0" hostname="Krantis-MacBook-Pro.local" failures="0" tests="3" name="Default test" time="8.743" errors="0" timestamp="2026-05-05T17:45:44 IST">
  <testcase classname="test.LoginTest" name="login_with_empty_password" time="0.865"/>
  <testcase classname="test.LoginTest" name="invalidtestlogin" time="0.811"/>
  <testcase classname="test.LoginTest" name="testlogin" time="1.197"/>
</testsuite> <!-- Default test -->
