<?xml version="1.0" encoding="UTF-8"?>
<!-- Generated by org.testng.reporters.JUnitReportReporter -->
<testsuite hostname="Krantis-MacBook-Pro.local" failures="0" tests="3" name="test.LoginTest" time="8.729" errors="0" timestamp="2026-05-05T17:45:44 IST" skipped="0">
  <testcase classname="test.LoginTest" name="login_with_empty_password" time="2.121"/>
  <testcase classname="test.LoginTest" name="invalidtestlogin" time="3.589"/>
  <testcase classname="test.LoginTest" name="testlogin" time="3.019"/>
</testsuite> <!-- test.LoginTest -->
